<?xml version="1.0" encoding="UTF-8"?>
<!-- Generated by org.testng.reporters.JUnitXMLReporter -->
<testsuite hostname="LAPTOP-MPIIM7QS" ignored="0" name="Default test" tests="4" failures="0" timestamp="08 Dec 2021 18:37:15 GMT" time="24.923" errors="0">
  <testcase name="multiplication" time="6.337" classname="demomaven.calculator"/>
  <testcase name="division" time="5.953" classname="demomaven.calculator"/>
  <testcase name="Addition" time="6.27" classname="demomaven.calculator"/>
  <testcase name="Subtraction" time="6.292" classname="demomaven.calculator"/>
</testsuite> <!-- Default test -->
